<?xml version="1.0" encoding="UTF-8"?>
<!-- Generated by org.testng.reporters.JUnitReportReporter -->
<testsuite hostname="DESKTOP-EVK9GMC" failures="0" tests="1" name="demo.Sample2" time="0.023" errors="0" timestamp="2020-11-05T21:35:53 IST" skipped="0">
  <testcase classname="demo.Sample2" name="demo" time="0.023"/>
</testsuite> <!-- demo.Sample2 -->
