<?xml version="1.0" encoding="UTF-8"?>
<!-- Generated by org.testng.reporters.JUnitReportReporter -->
<testsuite hostname="DESKTOP-EVK9GMC" failures="0" tests="1" name="demo.Sample" time="0.029" errors="0" timestamp="2020-11-05T21:15:06 IST" skipped="0">
  <testcase classname="demo.Sample" name="demo" time="0.029"/>
</testsuite> <!-- demo.Sample -->
